[INFO] Scanning for projects...
[INFO] 
[INFO] ---------------------------< arun.home:demo >---------------------------
[INFO] Building demo 0.0.1-SNAPSHOT
[INFO] --------------------------------[ jar ]---------------------------------
[INFO] 
[INFO] >>> spring-boot-maven-plugin:2.7.4:run (default-cli) > test-compile @ demo >>>
[INFO] 
[INFO] --- maven-resources-plugin:3.2.0:resources (default-resources) @ demo ---
[INFO] Using 'UTF-8' encoding to copy filtered resources.
[INFO] Using 'UTF-8' encoding to copy filtered properties files.
[INFO] Copying 1 resource
[INFO] Copying 0 resource
[INFO] 
[INFO] --- maven-compiler-plugin:3.10.1:compile (default-compile) @ demo ---
[INFO] Nothing to compile - all classes are up to date
[INFO] 
[INFO] --- maven-resources-plugin:3.2.0:testResources (default-testResources) @ demo ---
[INFO] Using 'UTF-8' encoding to copy filtered resources.
[INFO] Using 'UTF-8' encoding to copy filtered properties files.
[INFO] skip non existing resourceDirectory /Users/ashakya/nara/workspace/demo/src/test/resources
[INFO] 
[INFO] --- maven-compiler-plugin:3.10.1:testCompile (default-testCompile) @ demo ---
[INFO] Nothing to compile - all classes are up to date
[INFO] 
[INFO] <<< spring-boot-maven-plugin:2.7.4:run (default-cli) < test-compile @ demo <<<
[INFO] 
[INFO] 
[INFO] --- spring-boot-maven-plugin:2.7.4:run (default-cli) @ demo ---
[INFO] Attaching agents: []

  .   ____          _            __ _ _
 /\\ / ___'_ __ _ _(_)_ __  __ _ \ \ \ \
( ( )\___ | '_ | '_| | '_ \/ _` | \ \ \ \
 \\/  ___)| |_)| | | | | || (_| |  ) ) ) )
  '  |____| .__|_| |_|_| |_\__, | / / / /
 =========|_|==============|___/=/_/_/_/
 :: Spring Boot ::                (v2.7.4)

2022-10-21 17:01:41.484  INFO 41236 --- [           main] org.learn.spring.DemoApplication           : Starting DemoApplication using Java 11.0.2 on Arun-Shakya-C02ZT1QKMD6W.local with PID 41236 (/Users/ashakya/nara/workspace/demo/target/classes started by ashakya in /Users/ashakya/nara/workspace/demo)
2022-10-21 17:01:41.486  INFO 41236 --- [           main] org.learn.spring.DemoApplication           : No active profile set, falling back to 1 default profile: "default"
2022-10-21 17:01:41.882  INFO 41236 --- [           main] .s.d.r.c.RepositoryConfigurationDelegate : Bootstrapping Spring Data JPA repositories in DEFAULT mode.
2022-10-21 17:01:41.892  INFO 41236 --- [           main] .s.d.r.c.RepositoryConfigurationDelegate : Finished Spring Data repository scanning in 5 ms. Found 0 JPA repository interfaces.
2022-10-21 17:01:42.163  INFO 41236 --- [           main] o.s.b.w.embedded.tomcat.TomcatWebServer  : Tomcat initialized with port(s): 8083 (http)
2022-10-21 17:01:42.168  INFO 41236 --- [           main] o.apache.catalina.core.StandardService   : Starting service [Tomcat]
2022-10-21 17:01:42.169  INFO 41236 --- [           main] org.apache.catalina.core.StandardEngine  : Starting Servlet engine: [Apache Tomcat/9.0.65]
2022-10-21 17:01:42.255  INFO 41236 --- [           main] o.a.c.c.C.[Tomcat].[localhost].[/api]    : Initializing Spring embedded WebApplicationContext
2022-10-21 17:01:42.255  INFO 41236 --- [           main] w.s.c.ServletWebServerApplicationContext : Root WebApplicationContext: initialization completed in 739 ms
2022-10-21 17:01:42.412  INFO 41236 --- [           main] o.hibernate.jpa.internal.util.LogHelper  : HHH000204: Processing PersistenceUnitInfo [name: default]
2022-10-21 17:01:42.441  INFO 41236 --- [           main] org.hibernate.Version                    : HHH000412: Hibernate ORM core version 5.6.11.Final
2022-10-21 17:01:42.529  INFO 41236 --- [           main] o.hibernate.annotations.common.Version   : HCANN000001: Hibernate Commons Annotations {5.1.2.Final}
2022-10-21 17:01:42.589  INFO 41236 --- [           main] com.zaxxer.hikari.HikariDataSource       : HikariPool-1 - Starting...
2022-10-21 17:01:42.661  INFO 41236 --- [           main] com.zaxxer.hikari.HikariDataSource       : HikariPool-1 - Start completed.
2022-10-21 17:01:42.671  INFO 41236 --- [           main] org.hibernate.dialect.Dialect            : HHH000400: Using dialect: org.hibernate.dialect.PostgreSQL82Dialect
2022-10-21 17:01:43.133  INFO 41236 --- [           main] o.h.e.t.j.p.i.JtaPlatformInitiator       : HHH000490: Using JtaPlatform implementation: [org.hibernate.engine.transaction.jta.platform.internal.NoJtaPlatform]
2022-10-21 17:01:43.140  INFO 41236 --- [           main] j.LocalContainerEntityManagerFactoryBean : Initialized JPA EntityManagerFactory for persistence unit 'default'
2022-10-21 17:01:43.222  WARN 41236 --- [           main] JpaBaseConfiguration$JpaWebConfiguration : spring.jpa.open-in-view is enabled by default. Therefore, database queries may be performed during view rendering. Explicitly configure spring.jpa.open-in-view to disable this warning
2022-10-21 17:01:43.402  INFO 41236 --- [           main] o.s.b.w.embedded.tomcat.TomcatWebServer  : Tomcat started on port(s): 8083 (http) with context path '/api'
2022-10-21 17:01:43.410  INFO 41236 --- [           main] org.learn.spring.DemoApplication           : Started DemoApplication in 2.18 seconds (JVM running for 2.438)
2022-10-21 17:05:59.364  INFO 41236 --- [ionShutdownHook] j.LocalContainerEntityManagerFactoryBean : Closing JPA EntityManagerFactory for persistence unit 'default'
2022-10-21 17:05:59.365  INFO 41236 --- [ionShutdownHook] com.zaxxer.hikari.HikariDataSource       : HikariPool-1 - Shutdown initiated...
2022-10-21 17:05:59.370  INFO 41236 --- [ionShutdownHook] com.zaxxer.hikari.HikariDataSource       : HikariPool-1 - Shutdown completed.
[INFO] ------------------------------------------------------------------------
[INFO] BUILD SUCCESS
[INFO] ------------------------------------------------------------------------
[INFO] Total time:  04:19 min
[INFO] Finished at: 2022-10-21T17:05:59-04:00
[INFO] ------------------------------------------------------------------------
